Flinte [Gewehr]  || Schaden(1)
Morgenstern [Zweihandwaffe]  || Schaden(2)
PDW [Gewehr]  || Schaden(4)
Papp-E.O.D.-Anzug [Schwere Ruestung]  || Reflect Dmg(5)
Katana [Einhandwaffe]  || Schaden(5)
V. Kampfpanzer [Schwere Ruestung]  || Schadensreduktion(4)
V. Kampfpanzer [Schwere Ruestung]  || Schadensreduktion(5)
Schwert [Einhandwaffe]  || Schaden(2)
Schwert [Einhandwaffe]  || Schaden(2)
PDW [Gewehr]  || Schaden(3)
Flinte [Gewehr]  || Schaden(1)
Gefechtsruestung [Leichte Ruestung]  || Schadensreduktion(3)
Jagdgewehr [Sniper]  || Schaden(2)
Flinte [Gewehr]  || Schaden(1)
Dolch [Einhandwaffe]  || Schaden(2)
Vierkantholz [Zweihandwaffe]  || Schaden(1)
Medipack [Medizin]  || Heal(10)
Morgenstern [Zweihandwaffe]  || Schaden(2)
Praezisionsgewehr [Sniper]  || Schaden(3)
Medipack [Medizin]  || Heal(10)
Gefechtsruestung [Leichte Ruestung]  || Schadensreduktion(1)
Kapmfpanzer [Mittlere Ruestung]  || Schadensreduktion(2)
Medipack [Medizin]  || Heal(10)
PDW [Gewehr]  || Schaden(2)
Papp-E.O.D.-Anzug [Schwere Ruestung]  || Reflect Dmg(3)
V. Kampfpanzer [Schwere Ruestung]  || Schadensreduktion(3)
Nokia-Ruestung [Mittlere Ruestung]  || Reflect Dmg(2)
Nodachi [Zweihandwaffe]  || Schaden(6)
Der Arschblaser [Zweihandwaffe]  || Schaden(6) || CH(1)
Nodachi [Zweihandwaffe]  || Schaden(6)
Katana [Einhandwaffe]  || Schaden(6)
Ganzkoerperkondom [Leichte Ruestung]  || Reflect Dmg(1)
Furz-Spray [Medizin] 
