Keule [Einhandwaffe]  || Physikalisch(1) : 1
Langbogen [Fernkampfwaffe]  || Feuer(1) : 2
Hannes Stinkt item [Wahrheit]  || Hannes stinkt mehr(1) : 4
RostigerPlattenpanzer [Armor]  || Physikalisch Def(2) : 5
Swiftness [Potion]  || Swiftness(1) : 6
Bier [Potion]  || Alk(1) : 7
Armbrust [Fernkampfwaffe]  || Frost(2) : 8
Dicker Holzstab [Zweihandwaffe]  || Physikalisch(1) : 9
Lederlappen [Armor]  || Physikalisch Def(1) : 10
DeepsHelm [Armor]  || Frost Def(2) : 11
Met [Potion]  || Alk(1) : 12
Flitzebogen [Fernkampfwaffe]  || Physikalisch(1) : 13
Langbogen [Fernkampfwaffe]  || Physikalisch(2) : 14
Berserker [Potion]  || Berserker(3) : 15
Katana [Einhandwaffe]  || Physikalisch(3) : 17
AbgetrennterArm [Einhandwaffe]  || Physikalisch(2) : 20
Morgenstern [Zweihandwaffe]  || Arkan(3) : 21
DerHurenBasher [Zweihandwaffe]  || Blitz(3) : 27
Steinschleuder [Fernkampfwaffe]  || Blitz(2) : 32
Holzruestung [Armor]  || Physikalisch Def(1) : 34
Unsichtbarkeit [Potion]  || Unsichtbarkeit(3) : 36
Dagger [Einhandwaffe]  || Blitz(2) : 47
AlteMetFlasche [Einhandwaffe]  || Physikalisch(1) : 50
Health [Potion]  || Health(2) : 55
Schwert [Einhandwaffe]  || Feuer(2) : 56
Holzdildo [Einhandwaffe]  || Arkan(3) : 58
Knochen [Einhandwaffe]  || Gift(2) : 63
Kriegshammer [Zweihandwaffe]  || Feuer(2) : 69
Floete [Einhandwaffe]  || Physikalisch(1) : 114
Elbenbogen [Fernkampfwaffe]  || Frost(2) : 119
MagicGiantStock [Zweihandwaffe]  || Arkan(2) : 133
HelmDesSchwarzenRitters [Armor]  || Physikalisch Def(3) : 147
Saebel [Einhandwaffe]  || Frost(2) : 158
ZweischneidigeAxt [Zweihandwaffe]  || Gift(3) : 159
Cuntholz [Zweihandwaffe]  || Physikalisch(3) : 205
Mega Shiny Koenigliche Ruestung [Armor]  || Arkan Def(3) : 232
Mithrilhemd [Armor]  || Gift Def(2) : 311
Ziemlich Nicer Bogen [Fernkampfwaffe]  || Physikalisch(2) : 372
CloudsBusterSword [Zweihandwaffe]  || Gift(3) : 769
