Unsichtbarkeit [Potion]  || Unsichtbarkeit(2) : 1
Met [Potion]  || Alk(1) : 2
Ziemlich Nicer Bogen [Fernkampfwaffe]  || Blitz(2) : 3
Holzruestung [Armor]  || Physikalisch Def(1) : 4
AlteMetFlasche [Einhandwaffe]  || Physikalisch(1) : 5
Hannes Stinkt item [Wahrheit]  || Hannes stinkt mehr(3) : 7
DeepsHelm [Armor]  || Feuer Def(2) : 9
Bier [Potion]  || Alk(1) : 10
Kriegshammer [Zweihandwaffe]  || Physikalisch(2) : 12
Mega Shiny Koenigliche Ruestung [Armor]  || Frost Def(3) : 13
HelmDesSchwarzenRitters [Armor]  || Gift Def(2) : 15
Armbrust [Fernkampfwaffe]  || Frost(2) : 16
Dicker Holzstab [Zweihandwaffe]  || Physikalisch(1) : 18
Swiftness [Potion]  || Swiftness(2) : 19
Langbogen [Fernkampfwaffe]  || Frost(1) : 20
Morgenstern [Zweihandwaffe]  || Physikalisch(3) : 21
Schwert [Einhandwaffe]  || Frost(2) : 27
Cuntholz [Zweihandwaffe]  || Gift(2) : 28
Flitzebogen [Fernkampfwaffe]  || Physikalisch(1) : 29
DerHurenBasher [Zweihandwaffe]  || Physikalisch(3) : 32
Lederlappen [Armor]  || Physikalisch Def(1) : 40
Health [Potion]  || Health(2) : 42
Steinschleuder [Fernkampfwaffe]  || Blitz(2) : 44
MagicGiantStock [Zweihandwaffe]  || Arkan(2) : 45
Saebel [Einhandwaffe]  || Frost(2) : 48
Langbogen [Fernkampfwaffe]  || Physikalisch(2) : 50
Katana [Einhandwaffe]  || Physikalisch(3) : 52
ZweischneidigeAxt [Zweihandwaffe]  || Gift(3) : 56
Elbenbogen [Fernkampfwaffe]  || Frost(2) : 63
Keule [Einhandwaffe]  || Gift(1) : 69
RostigerPlattenpanzer [Armor]  || Physikalisch Def(2) : 78
Knochen [Einhandwaffe]  || Feuer(2) : 83
AbgetrennterArm [Einhandwaffe]  || Physikalisch(2) : 88
Floete [Einhandwaffe]  || Physikalisch(1) : 112
Berserker [Potion]  || Berserker(2) : 117
Mithrilhemd [Armor]  || Blitz Def(2) : 133
CloudsBusterSword [Zweihandwaffe]  || Blitz(3) : 165
Holzdildo [Einhandwaffe]  || Gift(3) : 182
Dagger [Einhandwaffe]  || Frost(1) : 196
