ZweischneidigeAxt [Zweihandwaffe]  || Blitz(3) : 1
Kriegshammer [Zweihandwaffe]  || Arkan(2) : 2
Langbogen [Fernkampfwaffe]  || Blitz(2) : 3
Health [Potion]  || Health(2) : 4
Flitzebogen [Fernkampfwaffe]  || Physikalisch(1) : 6
Elbenbogen [Fernkampfwaffe]  || Frost(3) : 7
Katana [Einhandwaffe]  || Feuer(3) : 8
Berserker [Potion]  || Berserker(1) : 9
Cuntholz [Zweihandwaffe]  || Blitz(3) : 10
DeepsHelm [Armor]  || Frost Def(2) : 11
Morgenstern [Zweihandwaffe]  || Blitz(3) : 12
AlteMetFlasche [Einhandwaffe]  || Physikalisch(1) : 14
HelmDesSchwarzenRitters [Armor]  || Blitz Def(1) : 15
DerHurenBasher [Zweihandwaffe]  || Blitz(3) : 16
Armbrust [Fernkampfwaffe]  || Blitz(2) : 17
Bier [Potion]  || Alk(1) : 21
Met [Potion]  || Alk(1) : 23
Holzruestung [Armor]  || Physikalisch Def(1) : 24
Dagger [Einhandwaffe]  || Frost(1) : 30
Mithrilhemd [Armor]  || Feuer Def(2) : 31
Dicker Holzstab [Zweihandwaffe]  || Physikalisch(1) : 32
Floete [Einhandwaffe]  || Physikalisch(1) : 34
Holzdildo [Einhandwaffe]  || Gift(3) : 40
AbgetrennterArm [Einhandwaffe]  || Physikalisch(1) : 45
Mega Shiny Koenigliche Ruestung [Armor]  || Blitz Def(3) : 46
Unsichtbarkeit [Potion]  || Unsichtbarkeit(2) : 48
Keule [Einhandwaffe]  || Frost(1) : 51
Swiftness [Potion]  || Swiftness(2) : 52
RostigerPlattenpanzer [Armor]  || Physikalisch Def(2) : 53
MagicGiantStock [Zweihandwaffe]  || Arkan(2) : 55
Saebel [Einhandwaffe]  || Gift(2) : 62
Knochen [Einhandwaffe]  || Frost(2) : 63
Lederlappen [Armor]  || Physikalisch Def(1) : 64
CloudsBusterSword [Zweihandwaffe]  || Blitz(3) : 65
Steinschleuder [Fernkampfwaffe]  || Feuer(2) : 67
Hannes Stinkt item [Wahrheit]  || Hannes stinkt mehr(1) : 75
Langbogen [Fernkampfwaffe]  || Physikalisch(1) : 81
Schwert [Einhandwaffe]  || Blitz(2) : 104
Ziemlich Nicer Bogen [Fernkampfwaffe]  || Blitz(3) : 116
